<?xml version="1.0" encoding="UTF-8"?>
<coverage generated="1780001212985" clover="3.2.0">
  <project timestamp="1780001212985" name="All files">
    <metrics statements="155" coveredstatements="151" conditionals="74" coveredconditionals="66" methods="42" coveredmethods="40" elements="271" coveredelements="257" complexity="0" loc="155" ncloc="155" packages="5" files="11" classes="11"/>
    <package name="components">
      <metrics statements="16" coveredstatements="15" conditionals="8" coveredconditionals="7" methods="7" coveredmethods="6"/>
      <file name="passage-view.tsx" path="/Users/zeke/git-projects/blanko-game/.claude/worktrees/001-fill-blank-game/app/components/passage-view.tsx">
        <metrics statements="16" coveredstatements="15" conditionals="8" coveredconditionals="7" methods="7" coveredmethods="6"/>
        <line num="12" count="5" type="stmt"/>
        <line num="14" count="5" type="cond" truecount="2" falsecount="0"/>
        <line num="16" count="5" type="stmt"/>
        <line num="17" count="5" type="stmt"/>
        <line num="19" count="5" type="stmt"/>
        <line num="22" count="25" type="stmt"/>
        <line num="23" count="25" type="cond" truecount="2" falsecount="0"/>
        <line num="24" count="5" type="stmt"/>
        <line num="25" count="5" type="stmt"/>
        <line num="27" count="10" type="stmt"/>
        <line num="29" count="5" type="stmt"/>
        <line num="31" count="5" type="cond" truecount="1" falsecount="1"/>
        <line num="32" count="5" type="stmt"/>
        <line num="38" count="4" type="stmt"/>
        <line num="39" count="0" type="stmt"/>
        <line num="43" count="20" type="stmt"/>
      </file>
    </package>
    <package name="components.ui">
      <metrics statements="1" coveredstatements="1" conditionals="0" coveredconditionals="0" methods="1" coveredmethods="1"/>
      <file name="input.tsx" path="/Users/zeke/git-projects/blanko-game/.claude/worktrees/001-fill-blank-game/app/components/ui/input.tsx">
        <metrics statements="1" coveredstatements="1" conditionals="0" coveredconditionals="0" methods="1" coveredmethods="1"/>
        <line num="7" count="5" type="stmt"/>
      </file>
    </package>
    <package name="engine">
      <metrics statements="74" coveredstatements="74" conditionals="46" coveredconditionals="43" methods="14" coveredmethods="14"/>
      <file name="difficulty.ts" path="/Users/zeke/git-projects/blanko-game/.claude/worktrees/001-fill-blank-game/app/engine/difficulty.ts">
        <metrics statements="2" coveredstatements="2" conditionals="0" coveredconditionals="0" methods="1" coveredmethods="1"/>
        <line num="10" count="11" type="stmt"/>
        <line num="17" count="32" type="stmt"/>
      </file>
      <file name="label.ts" path="/Users/zeke/git-projects/blanko-game/.claude/worktrees/001-fill-blank-game/app/engine/label.ts">
        <metrics statements="6" coveredstatements="6" conditionals="4" coveredconditionals="4" methods="3" coveredmethods="3"/>
        <line num="4" count="9" type="stmt"/>
        <line num="5" count="91" type="stmt"/>
        <line num="6" count="9" type="stmt"/>
        <line num="8" count="32" type="cond" truecount="2" falsecount="0"/>
        <line num="9" count="9" type="stmt"/>
        <line num="10" count="9" type="cond" truecount="2" falsecount="0"/>
      </file>
      <file name="score.ts" path="/Users/zeke/git-projects/blanko-game/.claude/worktrees/001-fill-blank-game/app/engine/score.ts">
        <metrics statements="11" coveredstatements="11" conditionals="6" coveredconditionals="5" methods="1" coveredmethods="1"/>
        <line num="4" count="7" type="stmt"/>
        <line num="5" count="7" type="stmt"/>
        <line num="6" count="7" type="stmt"/>
        <line num="8" count="7" type="stmt"/>
        <line num="9" count="9" type="cond" truecount="1" falsecount="1"/>
        <line num="10" count="9" type="stmt"/>
        <line num="11" count="9" type="stmt"/>
        <line num="13" count="9" type="cond" truecount="4" falsecount="0"/>
        <line num="14" count="4" type="stmt"/>
        <line num="16" count="5" type="stmt"/>
        <line num="24" count="7" type="stmt"/>
      </file>
      <file name="select-blanks.ts" path="/Users/zeke/git-projects/blanko-game/.claude/worktrees/001-fill-blank-game/app/engine/select-blanks.ts">
        <metrics statements="32" coveredstatements="32" conditionals="16" coveredconditionals="15" methods="7" coveredmethods="7"/>
        <line num="9" count="18" type="stmt"/>
        <line num="10" count="18" type="cond" truecount="2" falsecount="0"/>
        <line num="13" count="18" type="stmt"/>
        <line num="14" count="2004" type="stmt"/>
        <line num="16" count="2004" type="cond" truecount="2" falsecount="0"/>
        <line num="17" count="1000" type="stmt"/>
        <line num="18" count="1000" type="cond" truecount="2" falsecount="0"/>
        <line num="19" count="344" type="cond" truecount="4" falsecount="0"/>
        <line num="20" count="50" type="stmt"/>
        <line num="21" count="294" type="stmt"/>
        <line num="24" count="18" type="cond" truecount="2" falsecount="0"/>
        <line num="27" count="976" type="stmt"/>
        <line num="28" count="14" type="stmt"/>
        <line num="35" count="14" type="stmt"/>
        <line num="36" count="14" type="stmt"/>
        <line num="37" count="14" type="stmt"/>
        <line num="39" count="14" type="stmt"/>
        <line num="40" count="111" type="stmt"/>
        <line num="41" count="111" type="stmt"/>
        <line num="42" count="111" type="stmt"/>
        <line num="45" count="111" type="stmt"/>
        <line num="46" count="111" type="stmt"/>
        <line num="48" count="111" type="stmt"/>
        <line num="49" count="111" type="stmt"/>
        <line num="53" count="391" type="stmt"/>
        <line num="54" count="391" type="cond" truecount="2" falsecount="0"/>
        <line num="55" count="192" type="stmt"/>
        <line num="56" count="192" type="stmt"/>
        <line num="60" count="583" type="cond" truecount="1" falsecount="1"/>
        <line num="61" count="111" type="stmt"/>
        <line num="66" count="111" type="stmt"/>
        <line num="68" count="111" type="stmt"/>
      </file>
      <file name="tokenize.ts" path="/Users/zeke/git-projects/blanko-game/.claude/worktrees/001-fill-blank-game/app/engine/tokenize.ts">
        <metrics statements="23" coveredstatements="23" conditionals="20" coveredconditionals="19" methods="2" coveredmethods="2"/>
        <line num="4" count="13" type="stmt"/>
        <line num="7" count="1795" type="stmt"/>
        <line num="11" count="38" type="cond" truecount="2" falsecount="0"/>
        <line num="13" count="37" type="stmt"/>
        <line num="14" count="37" type="stmt"/>
        <line num="17" count="37" type="stmt"/>
        <line num="18" count="37" type="stmt"/>
        <line num="19" count="1788" type="cond" truecount="1" falsecount="1"/>
        <line num="20" count="1788" type="cond" truecount="5" falsecount="0"/>
        <line num="21" count="2" type="stmt"/>
        <line num="22" count="4" type="stmt"/>
        <line num="23" count="4" type="stmt"/>
        <line num="31" count="1786" type="stmt"/>
        <line num="42" count="37" type="stmt"/>
        <line num="43" count="37" type="stmt"/>
        <line num="44" count="37" type="stmt"/>
        <line num="45" count="1788" type="stmt"/>
        <line num="46" count="1788" type="cond" truecount="2" falsecount="0"/>
        <line num="55" count="1" type="stmt"/>
        <line num="61" count="1" type="stmt"/>
        <line num="63" count="1787" type="stmt"/>
        <line num="64" count="1787" type="stmt"/>
        <line num="68" count="37" type="stmt"/>
      </file>
    </package>
    <package name="lib">
      <metrics statements="1" coveredstatements="1" conditionals="0" coveredconditionals="0" methods="1" coveredmethods="1"/>
      <file name="utils.ts" path="/Users/zeke/git-projects/blanko-game/.claude/worktrees/001-fill-blank-game/app/lib/utils.ts">
        <metrics statements="1" coveredstatements="1" conditionals="0" coveredconditionals="0" methods="1" coveredmethods="1"/>
        <line num="5" count="5" type="stmt"/>
      </file>
    </package>
    <package name="storage">
      <metrics statements="63" coveredstatements="60" conditionals="20" coveredconditionals="16" methods="19" coveredmethods="18"/>
      <file name="safe-storage.ts" path="/Users/zeke/git-projects/blanko-game/.claude/worktrees/001-fill-blank-game/app/storage/safe-storage.ts">
        <metrics statements="11" coveredstatements="11" conditionals="2" coveredconditionals="2" methods="3" coveredmethods="3"/>
        <line num="4" count="14" type="stmt"/>
        <line num="5" count="14" type="stmt"/>
        <line num="8" count="20" type="stmt"/>
        <line num="9" count="20" type="stmt"/>
        <line num="10" count="20" type="cond" truecount="2" falsecount="0"/>
        <line num="11" count="14" type="stmt"/>
        <line num="13" count="1" type="stmt"/>
        <line num="18" count="11" type="stmt"/>
        <line num="19" count="11" type="stmt"/>
        <line num="21" count="2" type="stmt"/>
        <line num="26" count="2" type="stmt"/>
      </file>
      <file name="schema.ts" path="/Users/zeke/git-projects/blanko-game/.claude/worktrees/001-fill-blank-game/app/storage/schema.ts">
        <metrics statements="14" coveredstatements="12" conditionals="10" coveredconditionals="8" methods="2" coveredmethods="2"/>
        <line num="3" count="15" type="stmt"/>
        <line num="10" count="5" type="cond" truecount="3" falsecount="1"/>
        <line num="11" count="0" type="stmt"/>
        <line num="13" count="5" type="stmt"/>
        <line num="14" count="5" type="cond" truecount="2" falsecount="0"/>
        <line num="15" count="2" type="stmt"/>
        <line num="17" count="3" type="stmt"/>
        <line num="18" count="3" type="cond" truecount="1" falsecount="1"/>
        <line num="19" count="0" type="stmt"/>
        <line num="21" count="3" type="stmt"/>
        <line num="22" count="3" type="stmt"/>
        <line num="23" count="3" type="cond" truecount="2" falsecount="0"/>
        <line num="24" count="1" type="stmt"/>
        <line num="26" count="2" type="stmt"/>
      </file>
      <file name="session-store.ts" path="/Users/zeke/git-projects/blanko-game/.claude/worktrees/001-fill-blank-game/app/storage/session-store.ts">
        <metrics statements="38" coveredstatements="37" conditionals="8" coveredconditionals="6" methods="14" coveredmethods="13"/>
        <line num="7" count="8" type="stmt"/>
        <line num="11" count="1" type="stmt"/>
        <line num="12" count="1" type="stmt"/>
        <line num="17" count="6" type="stmt"/>
        <line num="24" count="7" type="stmt"/>
        <line num="25" count="7" type="stmt"/>
        <line num="27" count="7" type="cond" truecount="2" falsecount="0"/>
        <line num="29" count="2" type="stmt"/>
        <line num="30" count="40" type="stmt"/>
        <line num="31" count="0" type="stmt"/>
        <line num="33" count="2" type="cond" truecount="2" falsecount="0"/>
        <line num="34" count="1" type="stmt"/>
        <line num="37" count="1" type="stmt"/>
        <line num="38" count="1" type="stmt"/>
        <line num="41" count="6" type="stmt"/>
        <line num="42" count="6" type="stmt"/>
        <line num="43" count="6" type="stmt"/>
        <line num="44" count="6" type="stmt"/>
        <line num="46" count="6" type="stmt"/>
        <line num="58" count="6" type="stmt"/>
        <line num="59" count="6" type="stmt"/>
        <line num="61" count="6" type="stmt"/>
        <line num="62" count="6" type="stmt"/>
        <line num="66" count="4" type="stmt"/>
        <line num="67" count="4" type="stmt"/>
        <line num="71" count="3" type="stmt"/>
        <line num="72" count="3" type="stmt"/>
        <line num="73" count="20" type="stmt"/>
        <line num="78" count="1" type="stmt"/>
        <line num="79" count="1" type="stmt"/>
        <line num="80" count="1" type="cond" truecount="1" falsecount="1"/>
        <line num="81" count="1" type="stmt"/>
        <line num="82" count="1" type="stmt"/>
        <line num="86" count="1" type="stmt"/>
        <line num="87" count="1" type="stmt"/>
        <line num="88" count="1" type="cond" truecount="1" falsecount="1"/>
        <line num="89" count="1" type="stmt"/>
        <line num="90" count="1" type="stmt"/>
      </file>
    </package>
  </project>
</coverage>
