{"/Users/zeke/git-projects/blanko-game/.claude/worktrees/001-fill-blank-game/app/components/passage-view.tsx": {"path":"/Users/zeke/git-projects/blanko-game/.claude/worktrees/001-fill-blank-game/app/components/passage-view.tsx","statementMap":{"0":{"start":{"line":12,"column":29},"end":{"line":12,"column":null}},"1":{"start":{"line":14,"column":25},"end":{"line":14,"column":null}},"2":{"start":{"line":16,"column":29},"end":{"line":16,"column":null}},"3":{"start":{"line":16,"column":58},"end":{"line":16,"column":98}},"4":{"start":{"line":17,"column":22},"end":{"line":17,"column":null}},"5":{"start":{"line":19,"column":2},"end":{"line":47,"column":null}},"6":{"start":{"line":22,"column":26},"end":{"line":22,"column":null}},"7":{"start":{"line":23,"column":8},"end":{"line":42,"column":null}},"8":{"start":{"line":24,"column":33},"end":{"line":24,"column":null}},"9":{"start":{"line":25,"column":27},"end":{"line":30,"column":null}},"10":{"start":{"line":27,"column":27},"end":{"line":27,"column":35}},"11":{"start":{"line":29,"column":24},"end":{"line":29,"column":30}},"12":{"start":{"line":31,"column":28},"end":{"line":31,"column":null}},"13":{"start":{"line":32,"column":10},"end":{"line":40,"column":null}},"14":{"start":{"line":38,"column":31},"end":{"line":38,"column":null}},"15":{"start":{"line":39,"column":29},"end":{"line":39,"column":null}},"16":{"start":{"line":43,"column":8},"end":{"line":44,"column":null}}},"fnMap":{"0":{"name":"PassageView","decl":{"start":{"line":11,"column":16},"end":{"line":11,"column":28}},"loc":{"start":{"line":11,"column":92},"end":{"line":49,"column":null}},"line":11},"1":{"name":"(anonymous_1)","decl":{"start":{"line":16,"column":44},"end":{"line":16,"column":49}},"loc":{"start":{"line":16,"column":58},"end":{"line":16,"column":98}},"line":16},"2":{"name":"(anonymous_2)","decl":{"start":{"line":21,"column":14},"end":{"line":21,"column":19}},"loc":{"start":{"line":21,"column":34},"end":{"line":46,"column":7}},"line":21},"3":{"name":"(anonymous_3)","decl":{"start":{"line":27,"column":13},"end":{"line":27,"column":21}},"loc":{"start":{"line":27,"column":27},"end":{"line":27,"column":35}},"line":27},"4":{"name":"(anonymous_4)","decl":{"start":{"line":29,"column":13},"end":{"line":29,"column":18}},"loc":{"start":{"line":29,"column":24},"end":{"line":29,"column":30}},"line":29},"5":{"name":"(anonymous_5)","decl":{"start":{"line":38,"column":14},"end":{"line":38,"column":25}},"loc":{"start":{"line":38,"column":31},"end":{"line":38,"column":null}},"line":38},"6":{"name":"(anonymous_6)","decl":{"start":{"line":39,"column":14},"end":{"line":39,"column":23}},"loc":{"start":{"line":39,"column":29},"end":{"line":39,"column":null}},"line":39}},"branchMap":{"0":{"loc":{"start":{"line":14,"column":25},"end":{"line":14,"column":null}},"type":"binary-expr","locations":[{"start":{"line":14,"column":25},"end":{"line":14,"column":36}},{"start":{"line":14,"column":36},"end":{"line":14,"column":null}}],"line":14},"1":{"loc":{"start":{"line":23,"column":8},"end":{"line":42,"column":null}},"type":"if","locations":[{"start":{"line":23,"column":8},"end":{"line":42,"column":null}},{"start":{},"end":{}}],"line":23},"2":{"loc":{"start":{"line":31,"column":61},"end":{"line":31,"column":106}},"type":"cond-expr","locations":[{"start":{"line":31,"column":72},"end":{"line":31,"column":103}},{"start":{"line":31,"column":103},"end":{"line":31,"column":106}}],"line":31},"3":{"loc":{"start":{"line":37,"column":21},"end":{"line":37,"column":null}},"type":"binary-expr","locations":[{"start":{"line":37,"column":21},"end":{"line":37,"column":49}},{"start":{"line":37,"column":49},"end":{"line":37,"column":null}}],"line":37}},"s":{"0":5,"1":5,"2":5,"3":5,"4":5,"5":5,"6":25,"7":25,"8":5,"9":5,"10":10,"11":5,"12":5,"13":5,"14":4,"15":0,"16":20},"f":{"0":5,"1":5,"2":25,"3":10,"4":5,"5":4,"6":0},"b":{"0":[5,5],"1":[5,20],"2":[5,0],"3":[5,4]},"meta":{"lastBranch":4,"lastFunction":7,"lastStatement":17,"seen":{"f:11:16:11:28":0,"s:12:29:12:Infinity":0,"s:14:25:14:Infinity":1,"b:14:25:14:36:14:36:14:Infinity":0,"s:16:29:16:Infinity":2,"f:16:44:16:49":1,"s:16:58:16:98":3,"s:17:22:17:Infinity":4,"s:19:2:47:Infinity":5,"f:21:14:21:19":2,"s:22:26:22:Infinity":6,"b:23:8:42:Infinity:undefined:undefined:undefined:undefined":1,"s:23:8:42:Infinity":7,"s:24:33:24:Infinity":8,"s:25:27:30:Infinity":9,"f:27:13:27:21":3,"s:27:27:27:35":10,"f:29:13:29:18":4,"s:29:24:29:30":11,"s:31:28:31:Infinity":12,"b:31:72:31:103:31:103:31:106":2,"s:32:10:40:Infinity":13,"b:37:21:37:49:37:49:37:Infinity":3,"f:38:14:38:25":5,"s:38:31:38:Infinity":14,"f:39:14:39:23":6,"s:39:29:39:Infinity":15,"s:43:8:44:Infinity":16}}}
,"/Users/zeke/git-projects/blanko-game/.claude/worktrees/001-fill-blank-game/app/components/ui/input.tsx": {"path":"/Users/zeke/git-projects/blanko-game/.claude/worktrees/001-fill-blank-game/app/components/ui/input.tsx","statementMap":{"0":{"start":{"line":7,"column":2},"end":{"line":16,"column":null}}},"fnMap":{"0":{"name":"Input","decl":{"start":{"line":6,"column":9},"end":{"line":6,"column":15}},"loc":{"start":{"line":6,"column":77},"end":{"line":18,"column":null}},"line":6}},"branchMap":{},"s":{"0":5},"f":{"0":5},"b":{},"meta":{"lastBranch":0,"lastFunction":1,"lastStatement":1,"seen":{"f:6:9:6:15":0,"s:7:2:16:Infinity":0}}}
,"/Users/zeke/git-projects/blanko-game/.claude/worktrees/001-fill-blank-game/app/engine/difficulty.ts": {"path":"/Users/zeke/git-projects/blanko-game/.claude/worktrees/001-fill-blank-game/app/engine/difficulty.ts","statementMap":{"0":{"start":{"line":10,"column":54},"end":{"line":14,"column":null}},"1":{"start":{"line":17,"column":2},"end":{"line":17,"column":null}}},"fnMap":{"0":{"name":"difficultyConfig","decl":{"start":{"line":16,"column":16},"end":{"line":16,"column":33}},"loc":{"start":{"line":16,"column":75},"end":{"line":18,"column":null}},"line":16}},"branchMap":{},"s":{"0":11,"1":32},"f":{"0":32},"b":{},"meta":{"lastBranch":0,"lastFunction":1,"lastStatement":2,"seen":{"s:10:54:14:Infinity":0,"f:16:16:16:33":0,"s:17:2:17:Infinity":1}}}
,"/Users/zeke/git-projects/blanko-game/.claude/worktrees/001-fill-blank-game/app/engine/label.ts": {"path":"/Users/zeke/git-projects/blanko-game/.claude/worktrees/001-fill-blank-game/app/engine/label.ts","statementMap":{"0":{"start":{"line":4,"column":8},"end":{"line":4,"column":null}},"1":{"start":{"line":5,"column":16},"end":{"line":5,"column":null}},"2":{"start":{"line":5,"column":37},"end":{"line":5,"column":45}},"3":{"start":{"line":6,"column":18},"end":{"line":6,"column":null}},"4":{"start":{"line":8,"column":17},"end":{"line":8,"column":null}},"5":{"start":{"line":8,"column":53},"end":{"line":8,"column":59}},"6":{"start":{"line":9,"column":16},"end":{"line":9,"column":null}},"7":{"start":{"line":10,"column":2},"end":{"line":10,"column":null}}},"fnMap":{"0":{"name":"labelSession","decl":{"start":{"line":3,"column":16},"end":{"line":3,"column":29}},"loc":{"start":{"line":3,"column":71},"end":{"line":11,"column":null}},"line":3},"1":{"name":"(anonymous_1)","decl":{"start":{"line":5,"column":23},"end":{"line":5,"column":31}},"loc":{"start":{"line":5,"column":37},"end":{"line":5,"column":45}},"line":5},"2":{"name":"(anonymous_2)","decl":{"start":{"line":8,"column":42},"end":{"line":8,"column":47}},"loc":{"start":{"line":8,"column":53},"end":{"line":8,"column":59}},"line":8}},"branchMap":{"0":{"loc":{"start":{"line":8,"column":17},"end":{"line":8,"column":null}},"type":"cond-expr","locations":[{"start":{"line":8,"column":36},"end":{"line":8,"column":73}},{"start":{"line":8,"column":73},"end":{"line":8,"column":null}}],"line":8},"1":{"loc":{"start":{"line":10,"column":9},"end":{"line":10,"column":null}},"type":"cond-expr","locations":[{"start":{"line":10,"column":29},"end":{"line":10,"column":50}},{"start":{"line":10,"column":50},"end":{"line":10,"column":null}}],"line":10}},"s":{"0":9,"1":9,"2":91,"3":9,"4":9,"5":32,"6":9,"7":9},"f":{"0":9,"1":91,"2":32},"b":{"0":[8,1],"1":[1,8]},"meta":{"lastBranch":2,"lastFunction":3,"lastStatement":8,"seen":{"f:3:16:3:29":0,"s:4:8:4:Infinity":0,"s:5:16:5:Infinity":1,"f:5:23:5:31":1,"s:5:37:5:45":2,"s:6:18:6:Infinity":3,"s:8:17:8:Infinity":4,"b:8:36:8:73:8:73:8:Infinity":0,"f:8:42:8:47":2,"s:8:53:8:59":5,"s:9:16:9:Infinity":6,"s:10:2:10:Infinity":7,"b:10:29:10:50:10:50:10:Infinity":1}}}
,"/Users/zeke/git-projects/blanko-game/.claude/worktrees/001-fill-blank-game/app/engine/score.ts": {"path":"/Users/zeke/git-projects/blanko-game/.claude/worktrees/001-fill-blank-game/app/engine/score.ts","statementMap":{"0":{"start":{"line":4,"column":16},"end":{"line":4,"column":null}},"1":{"start":{"line":5,"column":16},"end":{"line":5,"column":null}},"2":{"start":{"line":6,"column":20},"end":{"line":6,"column":null}},"3":{"start":{"line":8,"column":2},"end":{"line":22,"column":null}},"4":{"start":{"line":9,"column":23},"end":{"line":9,"column":null}},"5":{"start":{"line":10,"column":14},"end":{"line":10,"column":null}},"6":{"start":{"line":11,"column":14},"end":{"line":11,"column":null}},"7":{"start":{"line":13,"column":4},"end":{"line":21,"column":null}},"8":{"start":{"line":14,"column":6},"end":{"line":14,"column":null}},"9":{"start":{"line":16,"column":6},"end":{"line":20,"column":null}},"10":{"start":{"line":24,"column":2},"end":{"line":24,"column":null}}},"fnMap":{"0":{"name":"scoreSession","decl":{"start":{"line":3,"column":16},"end":{"line":3,"column":29}},"loc":{"start":{"line":3,"column":55},"end":{"line":25,"column":null}},"line":3}},"branchMap":{"0":{"loc":{"start":{"line":9,"column":23},"end":{"line":9,"column":null}},"type":"binary-expr","locations":[{"start":{"line":9,"column":23},"end":{"line":9,"column":52}},{"start":{"line":9,"column":52},"end":{"line":9,"column":null}}],"line":9},"1":{"loc":{"start":{"line":13,"column":4},"end":{"line":21,"column":null}},"type":"if","locations":[{"start":{"line":13,"column":4},"end":{"line":21,"column":null}},{"start":{"line":15,"column":11},"end":{"line":21,"column":null}}],"line":13},"2":{"loc":{"start":{"line":13,"column":8},"end":{"line":13,"column":33}},"type":"binary-expr","locations":[{"start":{"line":13,"column":8},"end":{"line":13,"column":24}},{"start":{"line":13,"column":24},"end":{"line":13,"column":33}}],"line":13}},"s":{"0":7,"1":7,"2":7,"3":7,"4":9,"5":9,"6":9,"7":9,"8":4,"9":5,"10":7},"f":{"0":7},"b":{"0":[9,0],"1":[4,5],"2":[9,7]},"meta":{"lastBranch":3,"lastFunction":1,"lastStatement":11,"seen":{"f:3:16:3:29":0,"s:4:16:4:Infinity":0,"s:5:16:5:Infinity":1,"s:6:20:6:Infinity":2,"s:8:2:22:Infinity":3,"s:9:23:9:Infinity":4,"b:9:23:9:52:9:52:9:Infinity":0,"s:10:14:10:Infinity":5,"s:11:14:11:Infinity":6,"b:13:4:21:Infinity:15:11:21:Infinity":1,"s:13:4:21:Infinity":7,"b:13:8:13:24:13:24:13:33":2,"s:14:6:14:Infinity":8,"s:16:6:20:Infinity":9,"s:24:2:24:Infinity":10}}}
,"/Users/zeke/git-projects/blanko-game/.claude/worktrees/001-fill-blank-game/app/engine/select-blanks.ts": {"path":"/Users/zeke/git-projects/blanko-game/.claude/worktrees/001-fill-blank-game/app/engine/select-blanks.ts","statementMap":{"0":{"start":{"line":9,"column":8},"end":{"line":9,"column":null}},"1":{"start":{"line":10,"column":20},"end":{"line":10,"column":null}},"2":{"start":{"line":13,"column":19},"end":{"line":22,"column":null}},"3":{"start":{"line":14,"column":28},"end":{"line":14,"column":45}},"4":{"start":{"line":16,"column":6},"end":{"line":16,"column":null}},"5":{"start":{"line":16,"column":25},"end":{"line":16,"column":null}},"6":{"start":{"line":17,"column":18},"end":{"line":17,"column":null}},"7":{"start":{"line":18,"column":6},"end":{"line":18,"column":null}},"8":{"start":{"line":18,"column":38},"end":{"line":18,"column":null}},"9":{"start":{"line":19,"column":6},"end":{"line":20,"column":null}},"10":{"start":{"line":20,"column":8},"end":{"line":20,"column":null}},"11":{"start":{"line":21,"column":6},"end":{"line":21,"column":null}},"12":{"start":{"line":24,"column":2},"end":{"line":24,"column":null}},"13":{"start":{"line":24,"column":29},"end":{"line":24,"column":null}},"14":{"start":{"line":27,"column":20},"end":{"line":27,"column":null}},"15":{"start":{"line":27,"column":41},"end":{"line":27,"column":49}},"16":{"start":{"line":28,"column":22},"end":{"line":32,"column":null}},"17":{"start":{"line":35,"column":12},"end":{"line":35,"column":null}},"18":{"start":{"line":36,"column":21},"end":{"line":36,"column":null}},"19":{"start":{"line":37,"column":54},"end":{"line":37,"column":null}},"20":{"start":{"line":39,"column":2},"end":{"line":63,"column":null}},"21":{"start":{"line":39,"column":15},"end":{"line":39,"column":18}},"22":{"start":{"line":40,"column":24},"end":{"line":40,"column":null}},"23":{"start":{"line":41,"column":10},"end":{"line":41,"column":null}},"24":{"start":{"line":42,"column":10},"end":{"line":42,"column":null}},"25":{"start":{"line":45,"column":15},"end":{"line":45,"column":null}},"26":{"start":{"line":46,"column":19},"end":{"line":46,"column":null}},"27":{"start":{"line":48,"column":4},"end":{"line":58,"column":null}},"28":{"start":{"line":49,"column":14},"end":{"line":49,"column":null}},"29":{"start":{"line":53,"column":19},"end":{"line":53,"column":null}},"30":{"start":{"line":54,"column":6},"end":{"line":57,"column":null}},"31":{"start":{"line":55,"column":8},"end":{"line":55,"column":null}},"32":{"start":{"line":56,"column":8},"end":{"line":56,"column":null}},"33":{"start":{"line":60,"column":4},"end":{"line":62,"column":null}},"34":{"start":{"line":60,"column":30},"end":{"line":60,"column":52}},"35":{"start":{"line":61,"column":6},"end":{"line":61,"column":null}},"36":{"start":{"line":66,"column":2},"end":{"line":66,"column":null}},"37":{"start":{"line":66,"column":26},"end":{"line":66,"column":43}},"38":{"start":{"line":68,"column":2},"end":{"line":72,"column":null}},"39":{"start":{"line":68,"column":45},"end":{"line":72,"column":4}}},"fnMap":{"0":{"name":"selectBlanks","decl":{"start":{"line":4,"column":16},"end":{"line":4,"column":null}},"loc":{"start":{"line":8,"column":11},"end":{"line":73,"column":null}},"line":8},"1":{"name":"(anonymous_1)","decl":{"start":{"line":14,"column":5},"end":{"line":14,"column":10}},"loc":{"start":{"line":14,"column":28},"end":{"line":14,"column":45}},"line":14},"2":{"name":"(anonymous_2)","decl":{"start":{"line":15,"column":5},"end":{"line":15,"column":13}},"loc":{"start":{"line":15,"column":27},"end":{"line":22,"column":5}},"line":15},"3":{"name":"(anonymous_3)","decl":{"start":{"line":27,"column":27},"end":{"line":27,"column":35}},"loc":{"start":{"line":27,"column":41},"end":{"line":27,"column":49}},"line":27},"4":{"name":"(anonymous_4)","decl":{"start":{"line":60,"column":18},"end":{"line":60,"column":24}},"loc":{"start":{"line":60,"column":30},"end":{"line":60,"column":52}},"line":60},"5":{"name":"(anonymous_5)","decl":{"start":{"line":66,"column":11},"end":{"line":66,"column":17}},"loc":{"start":{"line":66,"column":26},"end":{"line":66,"column":43}},"line":66},"6":{"name":"(anonymous_6)","decl":{"start":{"line":68,"column":18},"end":{"line":68,"column":23}},"loc":{"start":{"line":68,"column":45},"end":{"line":72,"column":4}},"line":68}},"branchMap":{"0":{"loc":{"start":{"line":10,"column":20},"end":{"line":10,"column":null}},"type":"binary-expr","locations":[{"start":{"line":10,"column":20},"end":{"line":10,"column":42}},{"start":{"line":10,"column":42},"end":{"line":10,"column":null}}],"line":10},"1":{"loc":{"start":{"line":16,"column":6},"end":{"line":16,"column":null}},"type":"if","locations":[{"start":{"line":16,"column":6},"end":{"line":16,"column":null}},{"start":{},"end":{}}],"line":16},"2":{"loc":{"start":{"line":18,"column":6},"end":{"line":18,"column":null}},"type":"if","locations":[{"start":{"line":18,"column":6},"end":{"line":18,"column":null}},{"start":{},"end":{}}],"line":18},"3":{"loc":{"start":{"line":19,"column":6},"end":{"line":20,"column":null}},"type":"if","locations":[{"start":{"line":19,"column":6},"end":{"line":20,"column":null}},{"start":{},"end":{}}],"line":19},"4":{"loc":{"start":{"line":19,"column":10},"end":{"line":19,"column":null}},"type":"binary-expr","locations":[{"start":{"line":19,"column":10},"end":{"line":19,"column":48}},{"start":{"line":19,"column":48},"end":{"line":19,"column":null}}],"line":19},"5":{"loc":{"start":{"line":24,"column":2},"end":{"line":24,"column":null}},"type":"if","locations":[{"start":{"line":24,"column":2},"end":{"line":24,"column":null}},{"start":{},"end":{}}],"line":24},"6":{"loc":{"start":{"line":54,"column":6},"end":{"line":57,"column":null}},"type":"if","locations":[{"start":{"line":54,"column":6},"end":{"line":57,"column":null}},{"start":{},"end":{}}],"line":54},"7":{"loc":{"start":{"line":60,"column":4},"end":{"line":62,"column":null}},"type":"if","locations":[{"start":{"line":60,"column":4},"end":{"line":62,"column":null}},{"start":{},"end":{}}],"line":60}},"s":{"0":18,"1":18,"2":18,"3":2004,"4":2004,"5":1004,"6":1000,"7":1000,"8":656,"9":344,"10":50,"11":294,"12":18,"13":4,"14":14,"15":976,"16":14,"17":14,"18":14,"19":14,"20":14,"21":14,"22":111,"23":111,"24":111,"25":111,"26":111,"27":111,"28":111,"29":391,"30":391,"31":192,"32":192,"33":111,"34":583,"35":111,"36":111,"37":97,"38":111,"39":111},"f":{"0":18,"1":2004,"2":2004,"3":976,"4":583,"5":97,"6":111},"b":{"0":[18,12],"1":[1004,1000],"2":[656,344],"3":[50,294],"4":[344,249],"5":[4,14],"6":[192,199],"7":[111,0]},"meta":{"lastBranch":8,"lastFunction":7,"lastStatement":40,"seen":{"f:4:16:4:Infinity":0,"s:9:8:9:Infinity":0,"s:10:20:10:Infinity":1,"b:10:20:10:42:10:42:10:Infinity":0,"s:13:19:22:Infinity":2,"f:14:5:14:10":1,"s:14:28:14:45":3,"f:15:5:15:13":2,"b:16:6:16:Infinity:undefined:undefined:undefined:undefined":1,"s:16:6:16:Infinity":4,"s:16:25:16:Infinity":5,"s:17:18:17:Infinity":6,"b:18:6:18:Infinity:undefined:undefined:undefined:undefined":2,"s:18:6:18:Infinity":7,"s:18:38:18:Infinity":8,"b:19:6:20:Infinity:undefined:undefined:undefined:undefined":3,"s:19:6:20:Infinity":9,"b:19:10:19:48:19:48:19:Infinity":4,"s:20:8:20:Infinity":10,"s:21:6:21:Infinity":11,"b:24:2:24:Infinity:undefined:undefined:undefined:undefined":5,"s:24:2:24:Infinity":12,"s:24:29:24:Infinity":13,"s:27:20:27:Infinity":14,"f:27:27:27:35":3,"s:27:41:27:49":15,"s:28:22:32:Infinity":16,"s:35:12:35:Infinity":17,"s:36:21:36:Infinity":18,"s:37:54:37:Infinity":19,"s:39:2:63:Infinity":20,"s:39:15:39:18":21,"s:40:24:40:Infinity":22,"s:41:10:41:Infinity":23,"s:42:10:42:Infinity":24,"s:45:15:45:Infinity":25,"s:46:19:46:Infinity":26,"s:48:4:58:Infinity":27,"s:49:14:49:Infinity":28,"s:53:19:53:Infinity":29,"b:54:6:57:Infinity:undefined:undefined:undefined:undefined":6,"s:54:6:57:Infinity":30,"s:55:8:55:Infinity":31,"s:56:8:56:Infinity":32,"b:60:4:62:Infinity:undefined:undefined:undefined:undefined":7,"s:60:4:62:Infinity":33,"f:60:18:60:24":4,"s:60:30:60:52":34,"s:61:6:61:Infinity":35,"s:66:2:66:Infinity":36,"f:66:11:66:17":5,"s:66:26:66:43":37,"s:68:2:72:Infinity":38,"f:68:18:68:23":6,"s:68:45:72:4":39}}}
,"/Users/zeke/git-projects/blanko-game/.claude/worktrees/001-fill-blank-game/app/engine/tokenize.ts": {"path":"/Users/zeke/git-projects/blanko-game/.claude/worktrees/001-fill-blank-game/app/engine/tokenize.ts","statementMap":{"0":{"start":{"line":4,"column":15},"end":{"line":4,"column":null}},"1":{"start":{"line":7,"column":2},"end":{"line":7,"column":null}},"2":{"start":{"line":11,"column":2},"end":{"line":11,"column":null}},"3":{"start":{"line":11,"column":16},"end":{"line":11,"column":null}},"4":{"start":{"line":13,"column":20},"end":{"line":13,"column":null}},"5":{"start":{"line":14,"column":19},"end":{"line":14,"column":null}},"6":{"start":{"line":17,"column":23},"end":{"line":17,"column":null}},"7":{"start":{"line":18,"column":2},"end":{"line":38,"column":null}},"8":{"start":{"line":19,"column":23},"end":{"line":19,"column":null}},"9":{"start":{"line":20,"column":4},"end":{"line":37,"column":null}},"10":{"start":{"line":21,"column":6},"end":{"line":29,"column":null}},"11":{"start":{"line":21,"column":19},"end":{"line":21,"column":22}},"12":{"start":{"line":22,"column":19},"end":{"line":22,"column":null}},"13":{"start":{"line":23,"column":8},"end":{"line":28,"column":null}},"14":{"start":{"line":31,"column":6},"end":{"line":36,"column":null}},"15":{"start":{"line":42,"column":26},"end":{"line":42,"column":null}},"16":{"start":{"line":43,"column":10},"end":{"line":43,"column":null}},"17":{"start":{"line":44,"column":2},"end":{"line":66,"column":null}},"18":{"start":{"line":45,"column":16},"end":{"line":45,"column":null}},"19":{"start":{"line":46,"column":4},"end":{"line":65,"column":null}},"20":{"start":{"line":55,"column":6},"end":{"line":60,"column":null}},"21":{"start":{"line":61,"column":6},"end":{"line":61,"column":null}},"22":{"start":{"line":63,"column":6},"end":{"line":63,"column":null}},"23":{"start":{"line":64,"column":6},"end":{"line":64,"column":null}},"24":{"start":{"line":68,"column":2},"end":{"line":68,"column":null}}},"fnMap":{"0":{"name":"isCJKChar","decl":{"start":{"line":6,"column":9},"end":{"line":6,"column":19}},"loc":{"start":{"line":6,"column":40},"end":{"line":8,"column":null}},"line":6},"1":{"name":"tokenize","decl":{"start":{"line":10,"column":16},"end":{"line":10,"column":25}},"loc":{"start":{"line":10,"column":51},"end":{"line":69,"column":null}},"line":10}},"branchMap":{"0":{"loc":{"start":{"line":11,"column":2},"end":{"line":11,"column":null}},"type":"if","locations":[{"start":{"line":11,"column":2},"end":{"line":11,"column":null}},{"start":{},"end":{}}],"line":11},"1":{"loc":{"start":{"line":19,"column":23},"end":{"line":19,"column":null}},"type":"binary-expr","locations":[{"start":{"line":19,"column":23},"end":{"line":19,"column":41}},{"start":{"line":19,"column":41},"end":{"line":19,"column":null}}],"line":19},"2":{"loc":{"start":{"line":20,"column":4},"end":{"line":37,"column":null}},"type":"if","locations":[{"start":{"line":20,"column":4},"end":{"line":37,"column":null}},{"start":{"line":30,"column":11},"end":{"line":37,"column":null}}],"line":20},"3":{"loc":{"start":{"line":20,"column":8},"end":{"line":20,"column":75}},"type":"binary-expr","locations":[{"start":{"line":20,"column":8},"end":{"line":20,"column":22}},{"start":{"line":20,"column":22},"end":{"line":20,"column":48}},{"start":{"line":20,"column":48},"end":{"line":20,"column":75}}],"line":20},"4":{"loc":{"start":{"line":46,"column":4},"end":{"line":65,"column":null}},"type":"if","locations":[{"start":{"line":46,"column":4},"end":{"line":65,"column":null}},{"start":{"line":62,"column":11},"end":{"line":65,"column":null}}],"line":46},"5":{"loc":{"start":{"line":47,"column":6},"end":{"line":53,"column":null}},"type":"binary-expr","locations":[{"start":{"line":47,"column":6},"end":{"line":47,"column":null}},{"start":{"line":48,"column":6},"end":{"line":48,"column":null}},{"start":{"line":49,"column":6},"end":{"line":49,"column":null}},{"start":{"line":50,"column":6},"end":{"line":50,"column":null}},{"start":{"line":51,"column":7},"end":{"line":51,"column":34}},{"start":{"line":51,"column":34},"end":{"line":51,"column":61}},{"start":{"line":51,"column":61},"end":{"line":51,"column":null}},{"start":{"line":52,"column":6},"end":{"line":52,"column":null}},{"start":{"line":53,"column":6},"end":{"line":53,"column":null}}],"line":47}},"s":{"0":13,"1":1795,"2":38,"3":1,"4":37,"5":37,"6":37,"7":37,"8":1788,"9":1788,"10":2,"11":2,"12":4,"13":4,"14":1786,"15":37,"16":37,"17":37,"18":1788,"19":1788,"20":1,"21":1,"22":1787,"23":1787,"24":37},"f":{"0":1795,"1":38},"b":{"0":[1,37],"1":[1788,0],"2":[2,1786],"3":[1788,898,895],"4":[1,1787],"5":[1788,899,894,860,860,860,860,1,1]},"meta":{"lastBranch":6,"lastFunction":2,"lastStatement":25,"seen":{"s:4:15:4:Infinity":0,"f:6:9:6:19":0,"s:7:2:7:Infinity":1,"f:10:16:10:25":1,"b:11:2:11:Infinity:undefined:undefined:undefined:undefined":0,"s:11:2:11:Infinity":2,"s:11:16:11:Infinity":3,"s:13:20:13:Infinity":4,"s:14:19:14:Infinity":5,"s:17:23:17:Infinity":6,"s:18:2:38:Infinity":7,"s:19:23:19:Infinity":8,"b:19:23:19:41:19:41:19:Infinity":1,"b:20:4:37:Infinity:30:11:37:Infinity":2,"s:20:4:37:Infinity":9,"b:20:8:20:22:20:22:20:48:20:48:20:75":3,"s:21:6:29:Infinity":10,"s:21:19:21:22":11,"s:22:19:22:Infinity":12,"s:23:8:28:Infinity":13,"s:31:6:36:Infinity":14,"s:42:26:42:Infinity":15,"s:43:10:43:Infinity":16,"s:44:2:66:Infinity":17,"s:45:16:45:Infinity":18,"b:46:4:65:Infinity:62:11:65:Infinity":4,"s:46:4:65:Infinity":19,"b:47:6:47:Infinity:48:6:48:Infinity:49:6:49:Infinity:50:6:50:Infinity:51:7:51:34:51:34:51:61:51:61:51:Infinity:52:6:52:Infinity:53:6:53:Infinity":5,"s:55:6:60:Infinity":20,"s:61:6:61:Infinity":21,"s:63:6:63:Infinity":22,"s:64:6:64:Infinity":23,"s:68:2:68:Infinity":24}}}
,"/Users/zeke/git-projects/blanko-game/.claude/worktrees/001-fill-blank-game/app/lib/utils.ts": {"path":"/Users/zeke/git-projects/blanko-game/.claude/worktrees/001-fill-blank-game/app/lib/utils.ts","statementMap":{"0":{"start":{"line":5,"column":2},"end":{"line":5,"column":null}}},"fnMap":{"0":{"name":"cn","decl":{"start":{"line":4,"column":16},"end":{"line":4,"column":19}},"loc":{"start":{"line":4,"column":44},"end":{"line":6,"column":null}},"line":4}},"branchMap":{},"s":{"0":5},"f":{"0":5},"b":{},"meta":{"lastBranch":0,"lastFunction":1,"lastStatement":1,"seen":{"f:4:16:4:19":0,"s:5:2:5:Infinity":0}}}
,"/Users/zeke/git-projects/blanko-game/.claude/worktrees/001-fill-blank-game/app/storage/safe-storage.ts": {"path":"/Users/zeke/git-projects/blanko-game/.claude/worktrees/001-fill-blank-game/app/storage/safe-storage.ts","statementMap":{"0":{"start":{"line":4,"column":20},"end":{"line":4,"column":null}},"1":{"start":{"line":5,"column":19},"end":{"line":5,"column":null}},"2":{"start":{"line":8,"column":2},"end":{"line":14,"column":null}},"3":{"start":{"line":9,"column":16},"end":{"line":9,"column":null}},"4":{"start":{"line":10,"column":4},"end":{"line":10,"column":null}},"5":{"start":{"line":10,"column":22},"end":{"line":10,"column":null}},"6":{"start":{"line":11,"column":4},"end":{"line":11,"column":null}},"7":{"start":{"line":13,"column":4},"end":{"line":13,"column":null}},"8":{"start":{"line":18,"column":2},"end":{"line":22,"column":null}},"9":{"start":{"line":19,"column":4},"end":{"line":19,"column":null}},"10":{"start":{"line":21,"column":4},"end":{"line":21,"column":null}},"11":{"start":{"line":26,"column":2},"end":{"line":26,"column":null}}},"fnMap":{"0":{"name":"readStore","decl":{"start":{"line":7,"column":16},"end":{"line":7,"column":35}},"loc":{"start":{"line":7,"column":35},"end":{"line":15,"column":null}},"line":7},"1":{"name":"writeStore","decl":{"start":{"line":17,"column":16},"end":{"line":17,"column":27}},"loc":{"start":{"line":17,"column":47},"end":{"line":23,"column":null}},"line":17},"2":{"name":"isSaveDisabled","decl":{"start":{"line":25,"column":16},"end":{"line":25,"column":42}},"loc":{"start":{"line":25,"column":42},"end":{"line":27,"column":null}},"line":25}},"branchMap":{"0":{"loc":{"start":{"line":10,"column":4},"end":{"line":10,"column":null}},"type":"if","locations":[{"start":{"line":10,"column":4},"end":{"line":10,"column":null}},{"start":{},"end":{}}],"line":10}},"s":{"0":14,"1":14,"2":20,"3":20,"4":20,"5":6,"6":14,"7":1,"8":11,"9":11,"10":2,"11":2},"f":{"0":20,"1":11,"2":2},"b":{"0":[6,14]},"meta":{"lastBranch":1,"lastFunction":3,"lastStatement":12,"seen":{"s:4:20:4:Infinity":0,"s:5:19:5:Infinity":1,"f:7:16:7:35":0,"s:8:2:14:Infinity":2,"s:9:16:9:Infinity":3,"b:10:4:10:Infinity:undefined:undefined:undefined:undefined":0,"s:10:4:10:Infinity":4,"s:10:22:10:Infinity":5,"s:11:4:11:Infinity":6,"s:13:4:13:Infinity":7,"f:17:16:17:27":1,"s:18:2:22:Infinity":8,"s:19:4:19:Infinity":9,"s:21:4:21:Infinity":10,"f:25:16:25:42":2,"s:26:2:26:Infinity":11}}}
,"/Users/zeke/git-projects/blanko-game/.claude/worktrees/001-fill-blank-game/app/storage/schema.ts": {"path":"/Users/zeke/git-projects/blanko-game/.claude/worktrees/001-fill-blank-game/app/storage/schema.ts","statementMap":{"0":{"start":{"line":3,"column":34},"end":{"line":7,"column":null}},"1":{"start":{"line":10,"column":2},"end":{"line":12,"column":null}},"2":{"start":{"line":11,"column":4},"end":{"line":11,"column":null}},"3":{"start":{"line":13,"column":14},"end":{"line":13,"column":null}},"4":{"start":{"line":14,"column":2},"end":{"line":16,"column":null}},"5":{"start":{"line":15,"column":4},"end":{"line":15,"column":null}},"6":{"start":{"line":17,"column":19},"end":{"line":17,"column":null}},"7":{"start":{"line":18,"column":2},"end":{"line":20,"column":null}},"8":{"start":{"line":19,"column":4},"end":{"line":19,"column":null}},"9":{"start":{"line":21,"column":14},"end":{"line":21,"column":null}},"10":{"start":{"line":21,"column":35},"end":{"line":21,"column":58}},"11":{"start":{"line":22,"column":17},"end":{"line":22,"column":null}},"12":{"start":{"line":23,"column":2},"end":{"line":25,"column":null}},"13":{"start":{"line":24,"column":4},"end":{"line":24,"column":null}},"14":{"start":{"line":26,"column":2},"end":{"line":26,"column":null}}},"fnMap":{"0":{"name":"validateStore","decl":{"start":{"line":9,"column":16},"end":{"line":9,"column":30}},"loc":{"start":{"line":9,"column":52},"end":{"line":27,"column":null}},"line":9},"1":{"name":"(anonymous_1)","decl":{"start":{"line":21,"column":23},"end":{"line":21,"column":28}},"loc":{"start":{"line":21,"column":35},"end":{"line":21,"column":58}},"line":21}},"branchMap":{"0":{"loc":{"start":{"line":10,"column":2},"end":{"line":12,"column":null}},"type":"if","locations":[{"start":{"line":10,"column":2},"end":{"line":12,"column":null}},{"start":{},"end":{}}],"line":10},"1":{"loc":{"start":{"line":10,"column":6},"end":{"line":10,"column":41}},"type":"binary-expr","locations":[{"start":{"line":10,"column":6},"end":{"line":10,"column":15}},{"start":{"line":10,"column":15},"end":{"line":10,"column":41}}],"line":10},"2":{"loc":{"start":{"line":14,"column":2},"end":{"line":16,"column":null}},"type":"if","locations":[{"start":{"line":14,"column":2},"end":{"line":16,"column":null}},{"start":{},"end":{}}],"line":14},"3":{"loc":{"start":{"line":18,"column":2},"end":{"line":20,"column":null}},"type":"if","locations":[{"start":{"line":18,"column":2},"end":{"line":20,"column":null}},{"start":{},"end":{}}],"line":18},"4":{"loc":{"start":{"line":23,"column":2},"end":{"line":25,"column":null}},"type":"if","locations":[{"start":{"line":23,"column":2},"end":{"line":25,"column":null}},{"start":{},"end":{}}],"line":23}},"s":{"0":15,"1":5,"2":0,"3":5,"4":5,"5":2,"6":3,"7":3,"8":0,"9":3,"10":2,"11":3,"12":3,"13":1,"14":2},"f":{"0":5,"1":2},"b":{"0":[0,5],"1":[5,5],"2":[2,3],"3":[0,3],"4":[1,2]},"meta":{"lastBranch":5,"lastFunction":2,"lastStatement":15,"seen":{"s:3:34:7:Infinity":0,"f:9:16:9:30":0,"b:10:2:12:Infinity:undefined:undefined:undefined:undefined":0,"s:10:2:12:Infinity":1,"b:10:6:10:15:10:15:10:41":1,"s:11:4:11:Infinity":2,"s:13:14:13:Infinity":3,"b:14:2:16:Infinity:undefined:undefined:undefined:undefined":2,"s:14:2:16:Infinity":4,"s:15:4:15:Infinity":5,"s:17:19:17:Infinity":6,"b:18:2:20:Infinity:undefined:undefined:undefined:undefined":3,"s:18:2:20:Infinity":7,"s:19:4:19:Infinity":8,"s:21:14:21:Infinity":9,"f:21:23:21:28":1,"s:21:35:21:58":10,"s:22:17:22:Infinity":11,"b:23:2:25:Infinity:undefined:undefined:undefined:undefined":4,"s:23:2:25:Infinity":12,"s:24:4:24:Infinity":13,"s:26:2:26:Infinity":14}}}
,"/Users/zeke/git-projects/blanko-game/.claude/worktrees/001-fill-blank-game/app/storage/session-store.ts": {"path":"/Users/zeke/git-projects/blanko-game/.claude/worktrees/001-fill-blank-game/app/storage/session-store.ts","statementMap":{"0":{"start":{"line":7,"column":20},"end":{"line":7,"column":null}},"1":{"start":{"line":11,"column":4},"end":{"line":11,"column":null}},"2":{"start":{"line":12,"column":4},"end":{"line":12,"column":null}},"3":{"start":{"line":17,"column":2},"end":{"line":17,"column":null}},"4":{"start":{"line":24,"column":8},"end":{"line":24,"column":null}},"5":{"start":{"line":25,"column":19},"end":{"line":25,"column":null}},"6":{"start":{"line":27,"column":2},"end":{"line":39,"column":null}},"7":{"start":{"line":29,"column":22},"end":{"line":31,"column":null}},"8":{"start":{"line":30,"column":21},"end":{"line":30,"column":45}},"9":{"start":{"line":31,"column":22},"end":{"line":31,"column":60}},"10":{"start":{"line":33,"column":4},"end":{"line":35,"column":null}},"11":{"start":{"line":34,"column":6},"end":{"line":34,"column":null}},"12":{"start":{"line":37,"column":16},"end":{"line":37,"column":null}},"13":{"start":{"line":37,"column":42},"end":{"line":37,"column":66}},"14":{"start":{"line":38,"column":4},"end":{"line":38,"column":null}},"15":{"start":{"line":41,"column":13},"end":{"line":41,"column":null}},"16":{"start":{"line":42,"column":14},"end":{"line":42,"column":null}},"17":{"start":{"line":43,"column":8},"end":{"line":43,"column":null}},"18":{"start":{"line":44,"column":8},"end":{"line":44,"column":null}},"19":{"start":{"line":46,"column":27},"end":{"line":56,"column":null}},"20":{"start":{"line":58,"column":2},"end":{"line":58,"column":null}},"21":{"start":{"line":59,"column":2},"end":{"line":59,"column":null}},"22":{"start":{"line":61,"column":2},"end":{"line":61,"column":null}},"23":{"start":{"line":62,"column":2},"end":{"line":62,"column":null}},"24":{"start":{"line":66,"column":8},"end":{"line":66,"column":null}},"25":{"start":{"line":67,"column":2},"end":{"line":67,"column":null}},"26":{"start":{"line":67,"column":36},"end":{"line":67,"column":47}},"27":{"start":{"line":71,"column":8},"end":{"line":71,"column":null}},"28":{"start":{"line":72,"column":2},"end":{"line":74,"column":null}},"29":{"start":{"line":73,"column":4},"end":{"line":73,"column":null}},"30":{"start":{"line":78,"column":8},"end":{"line":78,"column":null}},"31":{"start":{"line":79,"column":14},"end":{"line":79,"column":null}},"32":{"start":{"line":79,"column":46},"end":{"line":79,"column":57}},"33":{"start":{"line":80,"column":2},"end":{"line":80,"column":null}},"34":{"start":{"line":80,"column":18},"end":{"line":80,"column":null}},"35":{"start":{"line":81,"column":2},"end":{"line":81,"column":null}},"36":{"start":{"line":82,"column":2},"end":{"line":82,"column":null}},"37":{"start":{"line":86,"column":8},"end":{"line":86,"column":null}},"38":{"start":{"line":87,"column":14},"end":{"line":87,"column":null}},"39":{"start":{"line":87,"column":46},"end":{"line":87,"column":57}},"40":{"start":{"line":88,"column":2},"end":{"line":88,"column":null}},"41":{"start":{"line":88,"column":18},"end":{"line":88,"column":null}},"42":{"start":{"line":89,"column":2},"end":{"line":89,"column":null}},"43":{"start":{"line":90,"column":2},"end":{"line":90,"column":null}}},"fnMap":{"0":{"name":"(anonymous_0)","decl":{"start":{"line":10,"column":2},"end":{"line":10,"column":16}},"loc":{"start":{"line":10,"column":16},"end":{"line":13,"column":null}},"line":10},"1":{"name":"generateId","decl":{"start":{"line":16,"column":9},"end":{"line":16,"column":30}},"loc":{"start":{"line":16,"column":30},"end":{"line":18,"column":null}},"line":16},"2":{"name":"create","decl":{"start":{"line":20,"column":22},"end":{"line":20,"column":29}},"loc":{"start":{"line":23,"column":21},"end":{"line":63,"column":null}},"line":23},"3":{"name":"(anonymous_3)","decl":{"start":{"line":30,"column":7},"end":{"line":30,"column":15}},"loc":{"start":{"line":30,"column":21},"end":{"line":30,"column":45}},"line":30},"4":{"name":"(anonymous_4)","decl":{"start":{"line":31,"column":7},"end":{"line":31,"column":13}},"loc":{"start":{"line":31,"column":22},"end":{"line":31,"column":60}},"line":31},"5":{"name":"(anonymous_5)","decl":{"start":{"line":37,"column":25},"end":{"line":37,"column":36}},"loc":{"start":{"line":37,"column":42},"end":{"line":37,"column":66}},"line":37},"6":{"name":"get","decl":{"start":{"line":65,"column":16},"end":{"line":65,"column":20}},"loc":{"start":{"line":65,"column":53},"end":{"line":68,"column":null}},"line":65},"7":{"name":"(anonymous_7)","decl":{"start":{"line":67,"column":24},"end":{"line":67,"column":30}},"loc":{"start":{"line":67,"column":36},"end":{"line":67,"column":47}},"line":67},"8":{"name":"list","decl":{"start":{"line":70,"column":16},"end":{"line":70,"column":34}},"loc":{"start":{"line":70,"column":34},"end":{"line":75,"column":null}},"line":70},"9":{"name":"(anonymous_9)","decl":{"start":{"line":72,"column":29},"end":{"line":72,"column":35}},"loc":{"start":{"line":73,"column":4},"end":{"line":73,"column":null}},"line":73},"10":{"name":"update","decl":{"start":{"line":77,"column":16},"end":{"line":77,"column":23}},"loc":{"start":{"line":77,"column":66},"end":{"line":83,"column":null}},"line":77},"11":{"name":"(anonymous_11)","decl":{"start":{"line":79,"column":29},"end":{"line":79,"column":40}},"loc":{"start":{"line":79,"column":46},"end":{"line":79,"column":57}},"line":79},"12":{"name":"remove","decl":{"start":{"line":85,"column":16},"end":{"line":85,"column":23}},"loc":{"start":{"line":85,"column":41},"end":{"line":91,"column":null}},"line":85},"13":{"name":"(anonymous_13)","decl":{"start":{"line":87,"column":29},"end":{"line":87,"column":40}},"loc":{"start":{"line":87,"column":46},"end":{"line":87,"column":57}},"line":87}},"branchMap":{"0":{"loc":{"start":{"line":27,"column":2},"end":{"line":39,"column":null}},"type":"if","locations":[{"start":{"line":27,"column":2},"end":{"line":39,"column":null}},{"start":{},"end":{}}],"line":27},"1":{"loc":{"start":{"line":33,"column":4},"end":{"line":35,"column":null}},"type":"if","locations":[{"start":{"line":33,"column":4},"end":{"line":35,"column":null}},{"start":{},"end":{}}],"line":33},"2":{"loc":{"start":{"line":80,"column":2},"end":{"line":80,"column":null}},"type":"if","locations":[{"start":{"line":80,"column":2},"end":{"line":80,"column":null}},{"start":{},"end":{}}],"line":80},"3":{"loc":{"start":{"line":88,"column":2},"end":{"line":88,"column":null}},"type":"if","locations":[{"start":{"line":88,"column":2},"end":{"line":88,"column":null}},{"start":{},"end":{}}],"line":88}},"s":{"0":8,"1":1,"2":1,"3":6,"4":7,"5":7,"6":7,"7":2,"8":40,"9":0,"10":2,"11":1,"12":1,"13":1,"14":1,"15":6,"16":6,"17":6,"18":6,"19":6,"20":6,"21":6,"22":6,"23":6,"24":4,"25":4,"26":3,"27":3,"28":3,"29":20,"30":1,"31":1,"32":1,"33":1,"34":0,"35":1,"36":1,"37":1,"38":1,"39":1,"40":1,"41":0,"42":1,"43":1},"f":{"0":1,"1":6,"2":7,"3":40,"4":0,"5":1,"6":4,"7":3,"8":3,"9":20,"10":1,"11":1,"12":1,"13":1},"b":{"0":[2,5],"1":[1,1],"2":[0,1],"3":[0,1]},"meta":{"lastBranch":4,"lastFunction":14,"lastStatement":44,"seen":{"s:7:20:7:Infinity":0,"f:10:2:10:16":0,"s:11:4:11:Infinity":1,"s:12:4:12:Infinity":2,"f:16:9:16:30":1,"s:17:2:17:Infinity":3,"f:20:22:20:29":2,"s:24:8:24:Infinity":4,"s:25:19:25:Infinity":5,"b:27:2:39:Infinity:undefined:undefined:undefined:undefined":0,"s:27:2:39:Infinity":6,"s:29:22:31:Infinity":7,"f:30:7:30:15":3,"s:30:21:30:45":8,"f:31:7:31:13":4,"s:31:22:31:60":9,"b:33:4:35:Infinity:undefined:undefined:undefined:undefined":1,"s:33:4:35:Infinity":10,"s:34:6:34:Infinity":11,"s:37:16:37:Infinity":12,"f:37:25:37:36":5,"s:37:42:37:66":13,"s:38:4:38:Infinity":14,"s:41:13:41:Infinity":15,"s:42:14:42:Infinity":16,"s:43:8:43:Infinity":17,"s:44:8:44:Infinity":18,"s:46:27:56:Infinity":19,"s:58:2:58:Infinity":20,"s:59:2:59:Infinity":21,"s:61:2:61:Infinity":22,"s:62:2:62:Infinity":23,"f:65:16:65:20":6,"s:66:8:66:Infinity":24,"s:67:2:67:Infinity":25,"f:67:24:67:30":7,"s:67:36:67:47":26,"f:70:16:70:34":8,"s:71:8:71:Infinity":27,"s:72:2:74:Infinity":28,"f:72:29:72:35":9,"s:73:4:73:Infinity":29,"f:77:16:77:23":10,"s:78:8:78:Infinity":30,"s:79:14:79:Infinity":31,"f:79:29:79:40":11,"s:79:46:79:57":32,"b:80:2:80:Infinity:undefined:undefined:undefined:undefined":2,"s:80:2:80:Infinity":33,"s:80:18:80:Infinity":34,"s:81:2:81:Infinity":35,"s:82:2:82:Infinity":36,"f:85:16:85:23":12,"s:86:8:86:Infinity":37,"s:87:14:87:Infinity":38,"f:87:29:87:40":13,"s:87:46:87:57":39,"b:88:2:88:Infinity:undefined:undefined:undefined:undefined":3,"s:88:2:88:Infinity":40,"s:88:18:88:Infinity":41,"s:89:2:89:Infinity":42,"s:90:2:90:Infinity":43}}}
}
